<?xml version="1.0" encoding="UTF-8"?>
<testsuite name="com.telran.scheduler.FirstTest" tests="1" skipped="0" failures="0" errors="0" timestamp="2020-02-24T21:53:31" hostname="DESKTOP-U7V5MJ9" time="0.036">
  <properties/>
  <testcase name="openUp" classname="com.telran.scheduler.FirstTest" time="0.036"/>
  <system-out><![CDATA[Application opened
]]></system-out>
  <system-err><![CDATA[Feb 24, 2020 11:53:31 PM io.appium.java_client.remote.AppiumCommandExecutor$1 lambda$0
INFO: Detected dialect: W3C
]]></system-err>
</testsuite>
